<?xml version="1.0" encoding="utf-8"?><testsuites name="pytest tests"><testsuite name="pytest" errors="0" failures="0" skipped="0" tests="6" time="16.052" timestamp="2026-06-01T09:43:50.566214+00:00" hostname="agent-env-b2346fd7-eac6-4c05-8721-0221b721491b"><testcase classname="backend.tests.test_translations_dashboard" name="test_coverage_endpoint" time="3.440" /><testcase classname="backend.tests.test_translations_dashboard" name="test_dictionary_list" time="0.400" /><testcase classname="backend.tests.test_translations_dashboard" name="test_dictionary_validate_nl" time="0.966" /><testcase classname="backend.tests.test_translations_dashboard" name="test_dictionary_validate_de" time="1.471" /><testcase classname="backend.tests.test_translations_dashboard" name="test_dictionary_crud_lifecycle" time="3.060" /><testcase classname="backend.tests.test_translations_dashboard" name="test_dictionary_seed_idempotent" time="6.683" /></testsuite></testsuites>