<?xml version="1.0" encoding="utf-8"?><testsuites name="pytest tests"><testsuite name="pytest" errors="0" failures="0" skipped="0" tests="22" time="14.432" timestamp="2026-04-24T11:10:15.910186+00:00" hostname="agent-env-264517d0-9ddc-4881-9df9-15ada7e8809d"><testcase classname="backend.tests.test_labels.TestPresets" name="test_presets_shape" time="1.220" /><testcase classname="backend.tests.test_labels.TestTemplateCRUD" name="test_list_templates" time="0.265" /><testcase classname="backend.tests.test_labels.TestTemplateCRUD" name="test_list_with_status_filter" time="0.266" /><testcase classname="backend.tests.test_labels.TestTemplateCRUD" name="test_create_default_template" time="0.649" /><testcase classname="backend.tests.test_labels.TestTemplateCRUD" name="test_create_all_presets[standard]" time="0.636" /><testcase classname="backend.tests.test_labels.TestTemplateCRUD" name="test_create_all_presets[compact]" time="0.652" /><testcase classname="backend.tests.test_labels.TestTemplateCRUD" name="test_create_all_presets[qr_only]" time="0.667" /><testcase classname="backend.tests.test_labels.TestTemplateCRUD" name="test_create_all_presets[with_logo]" time="0.648" /><testcase classname="backend.tests.test_labels.TestTemplateCRUD" name="test_get_template" time="0.922" /><testcase classname="backend.tests.test_labels.TestTemplateCRUD" name="test_update_template_increments_version" time="1.138" /><testcase classname="backend.tests.test_labels.TestTemplateCRUD" name="test_update_nonexistent_returns_404" time="0.267" /><testcase classname="backend.tests.test_labels.TestTemplateCRUD" name="test_duplicate_template" time="1.920" /><testcase classname="backend.tests.test_labels.TestTemplateCRUD" name="test_delete_soft_archives" time="1.457" /><testcase classname="backend.tests.test_labels.TestPreview" name="test_preview_with_template_id" time="0.941" /><testcase classname="backend.tests.test_labels.TestPreview" name="test_preview_with_inline_template" time="0.174" /><testcase classname="backend.tests.test_labels.TestPreview" name="test_preview_sample_data_merges" time="0.185" /><testcase classname="backend.tests.test_labels.TestPreview" name="test_preview_404_missing_template_id" time="0.274" /><testcase classname="backend.tests.test_labels.TestPreview" name="test_preview_400_no_template" time="0.158" /><testcase classname="backend.tests.test_labels.TestPreview" name="test_preview_custom_url_qr" time="0.176" /><testcase classname="backend.tests.test_labels.TestPreview" name="test_preview_custom_binding_with_value" time="0.173" /><testcase classname="backend.tests.test_labels.TestPrintAndJobs" name="test_print_empty_asset_ids_with_copies" time="1.327" /><testcase classname="backend.tests.test_labels.TestPrintAndJobs" name="test_jobs_sorted_desc" time="0.264" /></testsuite></testsuites>