<?xml version="1.0" encoding="utf-8"?><testsuites name="pytest tests"><testsuite name="pytest" errors="0" failures="0" skipped="1" tests="14" time="11.567" timestamp="2026-05-31T08:37:32.678406+00:00" hostname="agent-env-33c103b1-7104-4b5d-b14f-6b97bbbb0dfa"><testcase classname="backend.tests.test_maintenance_scheduler.TestDashboard" name="test_get_dashboard" time="2.458" /><testcase classname="backend.tests.test_maintenance_scheduler.TestPrograms" name="test_get_programs" time="0.335" /><testcase classname="backend.tests.test_maintenance_scheduler.TestPrograms" name="test_programs_summary" time="1.616" /><testcase classname="backend.tests.test_maintenance_scheduler.TestScheduler" name="test_run_scheduler" time="0.554" /><testcase classname="backend.tests.test_maintenance_scheduler.TestTasks" name="test_get_tasks" time="0.415" /><testcase classname="backend.tests.test_maintenance_scheduler.TestTasks" name="test_daily_planner" time="0.571" /><testcase classname="backend.tests.test_maintenance_scheduler.TestTasks" name="test_weekly_planner" time="0.444" /><testcase classname="backend.tests.test_maintenance_scheduler.TestTimeline" name="test_get_timeline" time="0.329" /><testcase classname="backend.tests.test_maintenance_scheduler.TestTechnicians" name="test_get_technicians" time="0.336" /><testcase classname="backend.tests.test_maintenance_scheduler.TestTechnicians" name="test_create_technician" time="0.925" /><testcase classname="backend.tests.test_maintenance_scheduler.TestApplyStrategy" name="test_apply_strategy" time="0.989" /><testcase classname="backend.tests.test_maintenance_scheduler.TestAIPlanner" name="test_ai_plan" time="1.705" /><testcase classname="backend.tests.test_maintenance_scheduler.TestAIPlanner" name="test_ai_plan_apply_empty" time="0.475" /><testcase classname="backend.tests.test_maintenance_scheduler.TestTaskLifecycle" name="test_task_lifecycle" time="0.376"><skipped type="pytest.skip" message="No tasks available for lifecycle test">/app/backend/tests/test_maintenance_scheduler.py:207: No tasks available for lifecycle test</skipped></testcase></testsuite></testsuites>