<?xml version="1.0" encoding="utf-8"?><testsuites name="pytest tests"><testsuite name="pytest" errors="0" failures="0" skipped="0" tests="6" time="8.984" timestamp="2026-06-01T14:11:59.594405+00:00" hostname="agent-env-b2346fd7-eac6-4c05-8721-0221b721491b"><testcase classname="backend.tests.test_my_tasks_discipline.TestMyTasksDiscipline" name="test_my_tasks_no_filter" time="2.552" /><testcase classname="backend.tests.test_my_tasks_discipline.TestMyTasksDiscipline" name="test_my_tasks_discipline_lowercase" time="0.509" /><testcase classname="backend.tests.test_my_tasks_discipline.TestMyTasksDiscipline" name="test_my_tasks_discipline_mixed_case" time="0.447" /><testcase classname="backend.tests.test_my_tasks_discipline.TestMyTasksDiscipline" name="test_my_tasks_discipline_no_match" time="0.497" /><testcase classname="backend.tests.test_my_tasks_discipline.TestMyTasksDiscipline" name="test_my_tasks_all_disciplines" time="4.039" /><testcase classname="backend.tests.test_my_tasks_discipline.TestUserProfile" name="test_user_discipline_fields" time="0.916" /></testsuite></testsuites>