<?xml version="1.0" encoding="utf-8"?><testsuites name="pytest tests"><testsuite name="pytest" errors="0" failures="0" skipped="0" tests="15" time="12.092" timestamp="2026-06-06T08:19:48.166871+00:00" hostname="agent-env-d8319de9-e78f-495b-92b7-9525244fd679"><testcase classname="backend.tests.test_task_generation_schedule.TestGetSchedule" name="test_get_schedule_owner" time="1.227" /><testcase classname="backend.tests.test_task_generation_schedule.TestGetSchedule" name="test_get_schedule_no_auth" time="0.103" /><testcase classname="backend.tests.test_task_generation_schedule.TestPreview" name="test_preview_valid_cron" time="0.550" /><testcase classname="backend.tests.test_task_generation_schedule.TestPreview" name="test_preview_invalid_cron" time="0.542" /><testcase classname="backend.tests.test_task_generation_schedule.TestUpdateSchedule" name="test_put_valid_persists_and_reloads" time="1.106" /><testcase classname="backend.tests.test_task_generation_schedule.TestUpdateSchedule" name="test_put_invalid_timezone" time="0.555" /><testcase classname="backend.tests.test_task_generation_schedule.TestUpdateSchedule" name="test_put_invalid_cron" time="0.559" /><testcase classname="backend.tests.test_task_generation_schedule.TestUpdateSchedule" name="test_toggle_enabled_removes_and_recreates_job" time="1.567" /><testcase classname="backend.tests.test_task_generation_schedule.TestUpdateSchedule" name="test_restore_defaults_explicit" time="0.773" /><testcase classname="backend.tests.test_task_generation_schedule.TestRun" name="test_dry_run" time="0.993" /><testcase classname="backend.tests.test_task_generation_schedule.TestRun" name="test_idempotency_live_run" time="0.895" /><testcase classname="backend.tests.test_task_generation_schedule.TestNonAdminAccess" name="test_get_schedule_forbidden" time="1.112" /><testcase classname="backend.tests.test_task_generation_schedule.TestNonAdminAccess" name="test_put_schedule_forbidden" time="0.443" /><testcase classname="backend.tests.test_task_generation_schedule.TestNonAdminAccess" name="test_preview_forbidden" time="0.452" /><testcase classname="backend.tests.test_task_generation_schedule.TestNonAdminAccess" name="test_run_forbidden" time="1.190" /></testsuite></testsuites>