<?xml version="1.0" encoding="utf-8"?><testsuites name="pytest tests"><testsuite name="pytest" errors="0" failures="0" skipped="0" tests="11" time="5.005" timestamp="2026-03-27T16:03:30.264745+00:00" hostname="agent-env-748b5184-4975-4309-aaff-7b235d69529e"><testcase classname="tests.test_feedback.TestFeedbackAPI" name="test_get_my_feedback_returns_list" time="0.415" /><testcase classname="tests.test_feedback.TestFeedbackAPI" name="test_create_feedback_issue_type" time="0.512" /><testcase classname="tests.test_feedback.TestFeedbackAPI" name="test_create_feedback_improvement_type" time="0.405" /><testcase classname="tests.test_feedback.TestFeedbackAPI" name="test_create_feedback_general_type" time="0.387" /><testcase classname="tests.test_feedback.TestFeedbackAPI" name="test_get_feedback_by_id" time="0.526" /><testcase classname="tests.test_feedback.TestFeedbackAPI" name="test_get_feedback_not_found" time="0.395" /><testcase classname="tests.test_feedback.TestFeedbackAPI" name="test_feedback_sorted_by_newest_first" time="0.418" /><testcase classname="tests.test_feedback.TestFeedbackAPI" name="test_create_feedback_with_all_severity_levels" time="0.548" /><testcase classname="tests.test_feedback.TestFeedbackAPI" name="test_create_feedback_empty_message_fails" time="0.465" /><testcase classname="tests.test_feedback.TestFeedbackAPI" name="test_create_feedback_invalid_type_fails" time="0.381" /><testcase classname="tests.test_feedback.TestFeedbackAPI" name="test_feedback_requires_authentication" time="0.518" /></testsuite></testsuites>