<?xml version="1.0" encoding="utf-8"?><testsuites name="pytest tests"><testsuite name="pytest" errors="0" failures="1" skipped="0" tests="34" time="25.405" timestamp="2026-03-17T15:52:56.489198+00:00" hostname="agent-env-10bb9421-a1c8-45db-80b0-b76e869092f9"><testcase classname="backend.tests.test_auth.TestAuthRegistration" name="test_register_new_user" time="0.379" /><testcase classname="backend.tests.test_auth.TestAuthRegistration" name="test_register_duplicate_email" time="0.141" /><testcase classname="backend.tests.test_auth.TestAuthRegistration" name="test_register_requires_all_fields" time="0.135" /><testcase classname="backend.tests.test_auth.TestAuthLogin" name="test_login_valid_credentials" time="0.387" /><testcase classname="backend.tests.test_auth.TestAuthLogin" name="test_login_invalid_password" time="0.383" /><testcase classname="backend.tests.test_auth.TestAuthLogin" name="test_login_invalid_email" time="0.131" /><testcase classname="backend.tests.test_auth.TestAuthLogin" name="test_get_current_user" time="0.424" /><testcase classname="backend.tests.test_auth.TestAuthLogin" name="test_protected_route_without_token" time="0.134" /><testcase classname="backend.tests.test_failure_modes.TestFailureModesCategories" name="test_get_categories_returns_list" time="0.132" /><testcase classname="backend.tests.test_failure_modes.TestFailureModesCategories" name="test_get_categories_contains_expected_types" time="0.124" /><testcase classname="backend.tests.test_failure_modes.TestFailureModesLibrary" name="test_get_all_failure_modes" time="0.139" /><testcase classname="backend.tests.test_failure_modes.TestFailureModesLibrary" name="test_failure_mode_fields" time="0.152" /><testcase classname="backend.tests.test_failure_modes.TestFailureModesLibrary" name="test_rpn_calculation_correct" time="0.140" /><testcase classname="backend.tests.test_failure_modes.TestFailureModesLibrary" name="test_filter_by_category_rotating" time="0.162" /><testcase classname="backend.tests.test_failure_modes.TestFailureModesLibrary" name="test_filter_by_category_safety" time="0.143" /><testcase classname="backend.tests.test_failure_modes.TestFailureModesLibrary" name="test_search_by_keyword" time="0.121" /><testcase classname="backend.tests.test_failure_modes.TestFailureModesLibrary" name="test_search_by_equipment_name" time="0.128"><failure message="AssertionError: BUG-002: Search does not search equipment/failure_mode name fields, only keywords&#10;assert 0 &gt; 0&#10; +  where 0 = len([])">backend/tests/test_failure_modes.py:109: in test_search_by_equipment_name
    assert len(modes) &gt; 0, "BUG-002: Search does not search equipment/failure_mode name fields, only keywords"
E   AssertionError: BUG-002: Search does not search equipment/failure_mode name fields, only keywords
E   assert 0 &gt; 0
E    +  where 0 = len([])</failure></testcase><testcase classname="backend.tests.test_failure_modes.TestFailureModesLibrary" name="test_default_sorted_by_rpn_desc" time="0.132" /><testcase classname="backend.tests.test_failure_modes.TestFailureModeById" name="test_get_failure_mode_by_id" time="0.159" /><testcase classname="backend.tests.test_failure_modes.TestFailureModeById" name="test_get_failure_mode_invalid_id" time="0.135" /><testcase classname="backend.tests.test_failure_modes.TestHighRiskFailureModes" name="test_get_high_risk_modes" time="0.143" /><testcase classname="backend.tests.test_failure_modes.TestHighRiskFailureModes" name="test_high_risk_modes_above_threshold" time="0.149" /><testcase classname="backend.tests.test_failure_modes.TestEquipmentTypes" name="test_get_equipment_types" time="0.157" /><testcase classname="backend.tests.test_threats.TestThreatsAPI" name="test_get_all_threats" time="0.459" /><testcase classname="backend.tests.test_threats.TestThreatsAPI" name="test_get_threats_with_status_filter" time="0.443" /><testcase classname="backend.tests.test_threats.TestThreatsAPI" name="test_get_top_threats" time="0.464" /><testcase classname="backend.tests.test_threats.TestThreatsAPI" name="test_get_threat_by_id" time="6.079" /><testcase classname="backend.tests.test_threats.TestThreatsAPI" name="test_get_nonexistent_threat" time="0.496" /><testcase classname="backend.tests.test_threats.TestThreatsAPI" name="test_update_threat_status" time="6.189" /><testcase classname="backend.tests.test_threats.TestThreatsAPI" name="test_delete_threat" time="5.726" /><testcase classname="backend.tests.test_threats.TestThreatsAPI" name="test_threats_unauthorized" time="0.156" /><testcase classname="backend.tests.test_threats.TestStatsAPI" name="test_get_stats" time="0.485" /><testcase classname="backend.tests.test_threats.TestChatAPI" name="test_get_chat_history" time="0.421" /><testcase classname="backend.tests.test_threats.TestChatAPI" name="test_chat_unauthorized" time="0.157" /></testsuite></testsuites>