<?xml version="1.0" encoding="utf-8"?><testsuites name="pytest tests"><testsuite name="pytest" errors="0" failures="0" skipped="0" tests="7" time="7.027" timestamp="2026-03-27T17:35:31.890985+00:00" hostname="agent-env-748b5184-4975-4309-aaff-7b235d69529e"><testcase classname="backend.tests.test_process_step.TestProcessStepFeature" name="test_create_subunit_with_process_step" time="0.998" /><testcase classname="backend.tests.test_process_step.TestProcessStepFeature" name="test_create_maintainable_item_with_process_step" time="0.975" /><testcase classname="backend.tests.test_process_step.TestProcessStepFeature" name="test_update_process_step_via_patch" time="1.024" /><testcase classname="backend.tests.test_process_step.TestProcessStepFeature" name="test_process_step_inheritance_from_parent" time="1.024" /><testcase classname="backend.tests.test_process_step.TestProcessStepFeature" name="test_process_step_override_after_inheritance" time="1.025" /><testcase classname="backend.tests.test_process_step.TestProcessStepFeature" name="test_process_step_not_inherited_at_higher_levels" time="0.887" /><testcase classname="backend.tests.test_process_step.TestProcessStepFeature" name="test_clear_process_step" time="1.076" /></testsuite></testsuites>