<?xml version="1.0" encoding="utf-8"?><testsuites name="pytest tests"><testsuite name="pytest" errors="0" failures="1" skipped="0" tests="15" time="2.355" timestamp="2026-03-17T15:34:29.366776+00:00" hostname="agent-env-10bb9421-a1c8-45db-80b0-b76e869092f9"><testcase classname="backend.tests.test_failure_modes.TestFailureModesCategories" name="test_get_categories_returns_list" time="0.203" /><testcase classname="backend.tests.test_failure_modes.TestFailureModesCategories" name="test_get_categories_contains_expected_types" time="0.163" /><testcase classname="backend.tests.test_failure_modes.TestFailureModesLibrary" name="test_get_all_failure_modes" time="0.150" /><testcase classname="backend.tests.test_failure_modes.TestFailureModesLibrary" name="test_failure_mode_fields" time="0.215" /><testcase classname="backend.tests.test_failure_modes.TestFailureModesLibrary" name="test_rpn_calculation_correct" time="0.130" /><testcase classname="backend.tests.test_failure_modes.TestFailureModesLibrary" name="test_filter_by_category_rotating" time="0.151" /><testcase classname="backend.tests.test_failure_modes.TestFailureModesLibrary" name="test_filter_by_category_safety" time="0.155" /><testcase classname="backend.tests.test_failure_modes.TestFailureModesLibrary" name="test_search_by_keyword" time="0.148" /><testcase classname="backend.tests.test_failure_modes.TestFailureModesLibrary" name="test_search_by_equipment" time="0.170"><failure message="assert 0 &gt; 0&#10; +  where 0 = len([])">backend/tests/test_failure_modes.py:104: in test_search_by_equipment
    assert len(modes) &gt; 0
E   assert 0 &gt; 0
E    +  where 0 = len([])</failure></testcase><testcase classname="backend.tests.test_failure_modes.TestFailureModesLibrary" name="test_default_sorted_by_rpn_desc" time="0.129" /><testcase classname="backend.tests.test_failure_modes.TestFailureModeById" name="test_get_failure_mode_by_id" time="0.112" /><testcase classname="backend.tests.test_failure_modes.TestFailureModeById" name="test_get_failure_mode_invalid_id" time="0.181" /><testcase classname="backend.tests.test_failure_modes.TestHighRiskFailureModes" name="test_get_high_risk_modes" time="0.120" /><testcase classname="backend.tests.test_failure_modes.TestHighRiskFailureModes" name="test_high_risk_modes_above_threshold" time="0.147" /><testcase classname="backend.tests.test_failure_modes.TestEquipmentTypes" name="test_get_equipment_types" time="0.112" /></testsuite></testsuites>