<?xml version="1.0" encoding="utf-8"?><testsuites name="pytest tests"><testsuite name="pytest" errors="0" failures="0" skipped="0" tests="7" time="43.192" timestamp="2026-04-02T07:10:56.707704+00:00" hostname="agent-env-9577eea8-8d7e-4af0-85c9-119e043dcc6d"><testcase classname="tests.test_bug_fixes_iteration21.TestCausalIntelligence" name="test_generate_causes_for_threat" time="40.165" /><testcase classname="tests.test_bug_fixes_iteration21.TestEquipmentDeletion" name="test_get_deletion_impact" time="0.597" /><testcase classname="tests.test_bug_fixes_iteration21.TestFormSubmissions" name="test_get_form_submissions" time="0.445" /><testcase classname="tests.test_bug_fixes_iteration21.TestMyTasks" name="test_get_adhoc_plans" time="0.461" /><testcase classname="tests.test_bug_fixes_iteration21.TestMyTasks" name="test_execute_adhoc_plan" time="0.603" /><testcase classname="tests.test_bug_fixes_iteration21.TestMyTasks" name="test_get_my_tasks" time="0.438" /><testcase classname="tests.test_bug_fixes_iteration21.TestThreatTimeline" name="test_get_threat_timeline" time="0.445" /></testsuite></testsuites>