<?xml version="1.0" encoding="utf-8"?><testsuites name="pytest tests"><testsuite name="pytest" errors="0" failures="0" skipped="3" tests="16" time="20.765" timestamp="2026-04-17T13:11:03.097864+00:00" hostname="agent-env-30217bc9-5411-48a6-8643-f02dbfaf4c69"><testcase classname="backend.tests.test_production_logs.TestProductionLogsAuth" name="test_stats_requires_auth" time="0.270" /><testcase classname="backend.tests.test_production_logs.TestProductionLogsAuth" name="test_jobs_requires_auth" time="0.197" /><testcase classname="backend.tests.test_production_logs.TestProductionLogsAuth" name="test_entries_requires_auth" time="0.169" /><testcase classname="backend.tests.test_production_logs.TestProductionLogsOwnerAccess" name="test_get_stats_success" time="1.647" /><testcase classname="backend.tests.test_production_logs.TestProductionLogsOwnerAccess" name="test_get_jobs_success" time="1.171" /><testcase classname="backend.tests.test_production_logs.TestProductionLogsOwnerAccess" name="test_get_entries_success" time="1.385" /><testcase classname="backend.tests.test_production_logs.TestProductionLogsOwnerAccess" name="test_get_entries_with_filters" time="1.345" /><testcase classname="backend.tests.test_production_logs.TestProductionLogsUploadFlow" name="test_upload_csv_file" time="3.036" /><testcase classname="backend.tests.test_production_logs.TestProductionLogsUploadFlow" name="test_upload_invalid_file_type" time="1.111" /><testcase classname="backend.tests.test_production_logs.TestProductionLogsUploadFlow" name="test_detect_columns" time="2.915" /><testcase classname="backend.tests.test_production_logs.TestProductionLogsUploadFlow" name="test_parse_preview" time="0.181"><skipped type="pytest.skip" message="Owner login failed: 429">/app/backend/tests/test_production_logs.py:220: Owner login failed: 429</skipped></testcase><testcase classname="backend.tests.test_production_logs.TestProductionLogsUploadFlow" name="test_full_ingest_flow" time="0.110"><skipped type="pytest.skip" message="Owner login failed: 429">/app/backend/tests/test_production_logs.py:273: Owner login failed: 429</skipped></testcase><testcase classname="backend.tests.test_production_logs.TestProductionLogsJobManagement" name="test_get_job_not_found" time="1.180" /><testcase classname="backend.tests.test_production_logs.TestProductionLogsJobManagement" name="test_delete_job_not_found" time="0.123"><skipped type="pytest.skip" message="Owner login failed: 429">/app/backend/tests/test_production_logs.py:388: Owner login failed: 429</skipped></testcase><testcase classname="backend.tests.test_production_logs.TestProductionLogsJobManagement" name="test_create_and_delete_job" time="2.843" /><testcase classname="backend.tests.test_production_logs.TestEventDetection" name="test_event_classification" time="3.024" /></testsuite></testsuites>