<?xml version="1.0" encoding="utf-8"?><testsuites name="pytest tests"><testsuite name="pytest" errors="0" failures="0" skipped="0" tests="19" time="8.031" timestamp="2026-03-26T11:03:06.515595+00:00" hostname="agent-env-0282656d-987a-414b-aa1e-b8d7c05b7d79"><testcase classname="tests.test_refactored_routes.TestAuthRoutes" name="test_login_success" time="0.434" /><testcase classname="tests.test_refactored_routes.TestAuthRoutes" name="test_get_me" time="0.442" /><testcase classname="tests.test_refactored_routes.TestThreatsRoutes" name="test_get_threats" time="0.446" /><testcase classname="tests.test_refactored_routes.TestStatsRoutes" name="test_get_stats" time="0.430" /><testcase classname="tests.test_refactored_routes.TestStatsRoutes" name="test_reliability_scores" time="0.436" /><testcase classname="tests.test_refactored_routes.TestFailureModesRoutes" name="test_get_failure_modes" time="0.446" /><testcase classname="tests.test_refactored_routes.TestEquipmentRoutes" name="test_get_equipment_nodes" time="0.434" /><testcase classname="tests.test_refactored_routes.TestEFMsRoutes" name="test_get_high_risk_efms" time="0.449" /><testcase classname="tests.test_refactored_routes.TestTasksRoutes" name="test_get_task_templates" time="0.432" /><testcase classname="tests.test_refactored_routes.TestTasksRoutes" name="test_get_task_plans" time="0.431" /><testcase classname="tests.test_refactored_routes.TestFormsRoutes" name="test_get_form_templates" time="0.434" /><testcase classname="tests.test_refactored_routes.TestObservationsRoutes" name="test_get_observations" time="0.451" /><testcase classname="tests.test_refactored_routes.TestDecisionEngineRoutes" name="test_get_decision_dashboard" time="0.442" /><testcase classname="tests.test_refactored_routes.TestInvestigationsRoutes" name="test_get_investigations" time="0.428" /><testcase classname="tests.test_refactored_routes.TestActionsRoutes" name="test_get_actions" time="0.433" /><testcase classname="tests.test_refactored_routes.TestMaintenanceRoutes" name="test_get_maintenance_strategies" time="0.415" /><testcase classname="tests.test_refactored_routes.TestAnalyticsRoutes" name="test_get_risk_overview" time="0.438" /><testcase classname="tests.test_refactored_routes.TestRBACRoutes" name="test_get_rbac_roles" time="0.454" /><testcase classname="tests.test_refactored_routes.TestRootEndpoint" name="test_root_endpoint" time="0.102" /></testsuite></testsuites>