<?xml version="1.0" encoding="utf-8"?><testsuites name="pytest tests"><testsuite name="pytest" errors="0" failures="0" skipped="0" tests="25" time="11.796" timestamp="2026-03-30T19:26:51.547747+00:00" hostname="agent-env-d98d9a13-9823-4731-906f-2f70823a2a69"><testcase classname="backend.tests.test_features_iteration11.TestAuthentication" name="test_login_owner_success" time="0.366" /><testcase classname="backend.tests.test_features_iteration11.TestAuthentication" name="test_login_admin_success" time="0.331" /><testcase classname="backend.tests.test_features_iteration11.TestAuthentication" name="test_login_invalid_credentials" time="0.130" /><testcase classname="backend.tests.test_features_iteration11.TestAuthentication" name="test_get_current_user" time="0.531" /><testcase classname="backend.tests.test_features_iteration11.TestPasswordReset" name="test_forgot_password_endpoint" time="0.367" /><testcase classname="backend.tests.test_features_iteration11.TestPasswordReset" name="test_forgot_password_nonexistent_email" time="0.118" /><testcase classname="backend.tests.test_features_iteration11.TestUserManagement" name="test_get_users_list" time="0.474" /><testcase classname="backend.tests.test_features_iteration11.TestUserManagement" name="test_get_roles" time="0.459" /><testcase classname="backend.tests.test_features_iteration11.TestUserManagement" name="test_get_pending_users" time="0.479" /><testcase classname="backend.tests.test_features_iteration11.TestUserManagement" name="test_admin_reset_password_endpoint" time="0.844" /><testcase classname="backend.tests.test_features_iteration11.TestInstallations" name="test_get_installations" time="0.510" /><testcase classname="backend.tests.test_features_iteration11.TestTaskPlanner" name="test_get_task_templates" time="0.456" /><testcase classname="backend.tests.test_features_iteration11.TestTaskPlanner" name="test_get_task_plans" time="0.485" /><testcase classname="backend.tests.test_features_iteration11.TestTaskPlanner" name="test_get_task_instances" time="0.461" /><testcase classname="backend.tests.test_features_iteration11.TestTaskPlanner" name="test_get_task_stats" time="0.519" /><testcase classname="backend.tests.test_features_iteration11.TestTaskPlanner" name="test_create_task_template" time="0.586" /><testcase classname="backend.tests.test_features_iteration11.TestFormBuilder" name="test_get_form_templates" time="0.447" /><testcase classname="backend.tests.test_features_iteration11.TestFormBuilder" name="test_create_form_template" time="0.528" /><testcase classname="backend.tests.test_features_iteration11.TestFormBuilder" name="test_get_form_submissions" time="0.451" /><testcase classname="backend.tests.test_features_iteration11.TestEquipmentHierarchy" name="test_get_equipment_nodes" time="0.453" /><testcase classname="backend.tests.test_features_iteration11.TestEquipmentHierarchy" name="test_get_equipment_stats" time="0.467" /><testcase classname="backend.tests.test_features_iteration11.TestThreatsObservations" name="test_get_threats" time="0.491" /><testcase classname="backend.tests.test_features_iteration11.TestThreatsObservations" name="test_get_stats" time="0.518" /><testcase classname="backend.tests.test_features_iteration11.TestActions" name="test_get_actions" time="0.489" /><testcase classname="backend.tests.test_features_iteration11.TestActions" name="test_create_and_delete_action" time="0.804" /></testsuite></testsuites>