<?xml version="1.0" encoding="utf-8"?><testsuites name="pytest tests"><testsuite name="pytest" errors="0" failures="0" skipped="0" tests="11" time="22.215" timestamp="2026-03-17T15:09:23.879381+00:00" hostname="agent-env-10bb9421-a1c8-45db-80b0-b76e869092f9"><testcase classname="backend.tests.test_threats.TestThreatsAPI" name="test_get_all_threats" time="0.507" /><testcase classname="backend.tests.test_threats.TestThreatsAPI" name="test_get_threats_with_status_filter" time="0.451" /><testcase classname="backend.tests.test_threats.TestThreatsAPI" name="test_get_top_threats" time="3.208" /><testcase classname="backend.tests.test_threats.TestThreatsAPI" name="test_get_threat_by_id" time="5.946" /><testcase classname="backend.tests.test_threats.TestThreatsAPI" name="test_get_nonexistent_threat" time="0.451" /><testcase classname="backend.tests.test_threats.TestThreatsAPI" name="test_update_threat_status" time="5.081" /><testcase classname="backend.tests.test_threats.TestThreatsAPI" name="test_delete_threat" time="5.291" /><testcase classname="backend.tests.test_threats.TestThreatsAPI" name="test_threats_unauthorized" time="0.188" /><testcase classname="backend.tests.test_threats.TestStatsAPI" name="test_get_stats" time="0.459" /><testcase classname="backend.tests.test_threats.TestChatAPI" name="test_get_chat_history" time="0.423" /><testcase classname="backend.tests.test_threats.TestChatAPI" name="test_chat_unauthorized" time="0.173" /></testsuite></testsuites>