<?xml version="1.0" encoding="utf-8"?><testsuites name="pytest tests"><testsuite name="pytest" errors="0" failures="0" skipped="0" tests="14" time="5.945" timestamp="2026-03-30T10:59:59.523486+00:00" hostname="agent-env-9af4e5d8-40c7-4845-8c14-735a8a5e7c6c"><testcase classname="backend.tests.test_installation_filtering.TestInstallationFiltering" name="test_stats_endpoint_returns_filtered_counts" time="0.474" /><testcase classname="backend.tests.test_installation_filtering.TestInstallationFiltering" name="test_threats_endpoint_returns_filtered_threats" time="0.373" /><testcase classname="backend.tests.test_installation_filtering.TestInstallationFiltering" name="test_top_threats_endpoint_returns_filtered_threats" time="0.413" /><testcase classname="backend.tests.test_installation_filtering.TestInstallationFiltering" name="test_actions_endpoint_returns_filtered_actions" time="0.383" /><testcase classname="backend.tests.test_installation_filtering.TestInstallationFiltering" name="test_equipment_nodes_returns_filtered_nodes" time="0.402" /><testcase classname="backend.tests.test_installation_filtering.TestInstallationFiltering" name="test_hierarchy_stats_returns_filtered_stats" time="0.387" /><testcase classname="backend.tests.test_installation_filtering.TestInstallationFiltering" name="test_user_has_assigned_installations_via_rbac" time="0.371" /><testcase classname="backend.tests.test_installation_filtering.TestInstallationFiltering" name="test_rbac_users_includes_installations_column" time="0.377" /><testcase classname="backend.tests.test_installation_filtering.TestInstallationFiltering" name="test_get_all_installations_endpoint" time="0.400" /><testcase classname="backend.tests.test_installation_filtering.TestInstallationFiltering" name="test_stats_and_threats_count_consistency" time="0.477" /><testcase classname="backend.tests.test_installation_filtering.TestInstallationFiltering" name="test_equipment_stats_and_nodes_count_consistency" time="0.465" /><testcase classname="backend.tests.test_installation_filtering.TestInstallationFilteringEdgeCases" name="test_threats_with_status_filter" time="0.378" /><testcase classname="backend.tests.test_installation_filtering.TestInstallationFilteringEdgeCases" name="test_actions_with_filters" time="0.372" /><testcase classname="backend.tests.test_installation_filtering.TestInstallationFilteringEdgeCases" name="test_equipment_nodes_structure" time="0.620" /></testsuite></testsuites>