<?xml version="1.0" encoding="utf-8"?><testsuites name="pytest tests"><testsuite name="pytest" errors="0" failures="0" skipped="0" tests="9" time="3.673" timestamp="2026-04-01T19:11:26.210083+00:00" hostname="agent-env-9577eea8-8d7e-4af0-85c9-119e043dcc6d"><testcase classname="tests.test_improvements.TestFormDesignerAPI" name="test_get_form_templates" time="0.406" /><testcase classname="tests.test_improvements.TestFormDesignerAPI" name="test_get_form_submissions" time="0.410" /><testcase classname="tests.test_improvements.TestDashboardFormSubmissionsWidget" name="test_dashboard_form_submissions" time="0.439" /><testcase classname="tests.test_improvements.TestUserManagementAPI" name="test_get_users" time="0.396" /><testcase classname="tests.test_improvements.TestUserManagementAPI" name="test_get_permissions" time="0.411" /><testcase classname="tests.test_improvements.TestFeedbackAPI" name="test_get_feedback_list" time="0.389" /><testcase classname="tests.test_improvements.TestAIUsageLogging" name="test_ai_usage_collection_exists" time="0.410" /><testcase classname="tests.test_improvements.TestMyTasksAPI" name="test_get_tasks" time="0.380" /><testcase classname="tests.test_improvements.TestAICausalIntelligence" name="test_generate_causes_without_risk_insight" time="0.396" /></testsuite></testsuites>