<?xml version="1.0" encoding="utf-8"?><testsuites name="pytest tests"><testsuite name="pytest" errors="0" failures="0" skipped="0" tests="7" time="3.294" timestamp="2026-03-31T20:19:40.136093+00:00" hostname="agent-env-08f8eb11-8908-4d35-b849-27c52023abc0"><testcase classname="backend.tests.test_cascade_delete.TestInvestigationCascadeDelete" name="test_delete_investigation_without_cascade" time="0.877" /><testcase classname="backend.tests.test_cascade_delete.TestInvestigationCascadeDelete" name="test_delete_investigation_with_cascade_actions" time="0.537" /><testcase classname="backend.tests.test_cascade_delete.TestThreatCascadeDelete" name="test_delete_threat_without_cascade" time="0.649" /><testcase classname="backend.tests.test_cascade_delete.TestThreatCascadeDelete" name="test_threat_delete_endpoint_accepts_cascade_params" time="0.196" /><testcase classname="backend.tests.test_cascade_delete.TestObservationCascadeDelete" name="test_observation_delete_endpoint_accepts_cascade_params" time="0.104" /><testcase classname="backend.tests.test_cascade_delete.TestCascadeDeleteIntegration" name="test_full_cascade_flow_investigation" time="0.643" /><testcase classname="backend.tests.test_cascade_delete.TestDeleteDialogCheckboxes" name="test_investigation_delete_returns_action_count" time="0.265" /></testsuite></testsuites>