<?xml version="1.0" encoding="utf-8"?><testsuites name="pytest tests"><testsuite name="pytest" errors="0" failures="0" skipped="0" tests="8" time="3.958" timestamp="2026-03-17T15:09:11.388949+00:00" hostname="agent-env-10bb9421-a1c8-45db-80b0-b76e869092f9"><testcase classname="backend.tests.test_auth.TestAuthRegistration" name="test_register_new_user" time="0.527" /><testcase classname="backend.tests.test_auth.TestAuthRegistration" name="test_register_duplicate_email" time="0.138" /><testcase classname="backend.tests.test_auth.TestAuthRegistration" name="test_register_requires_all_fields" time="1.779" /><testcase classname="backend.tests.test_auth.TestAuthLogin" name="test_login_valid_credentials" time="0.368" /><testcase classname="backend.tests.test_auth.TestAuthLogin" name="test_login_invalid_password" time="0.373" /><testcase classname="backend.tests.test_auth.TestAuthLogin" name="test_login_invalid_email" time="0.178" /><testcase classname="backend.tests.test_auth.TestAuthLogin" name="test_get_current_user" time="0.432" /><testcase classname="backend.tests.test_auth.TestAuthLogin" name="test_protected_route_without_token" time="0.136" /></testsuite></testsuites>