<?xml version="1.0" encoding="utf-8"?><testsuites name="pytest tests"><testsuite name="pytest" errors="0" failures="0" skipped="0" tests="11" time="6.487" timestamp="2026-03-31T19:49:26.304923+00:00" hostname="agent-env-08f8eb11-8908-4d35-b849-27c52023abc0"><testcase classname="backend.tests.test_failure_mode_versioning.TestFailureModeVersioning" name="test_get_failure_mode_by_legacy_id_returns_correct_fields" time="0.504" /><testcase classname="backend.tests.test_failure_mode_versioning.TestFailureModeVersioning" name="test_get_failure_mode_by_mongodb_id" time="1.036" /><testcase classname="backend.tests.test_failure_mode_versioning.TestFailureModeVersioning" name="test_version_history_endpoint_returns_versions" time="0.541" /><testcase classname="backend.tests.test_failure_mode_versioning.TestFailureModeVersioning" name="test_update_failure_mode_increments_version" time="0.856" /><testcase classname="backend.tests.test_failure_mode_versioning.TestFailureModeVersioning" name="test_rollback_to_previous_version" time="0.704" /><testcase classname="backend.tests.test_failure_mode_versioning.TestFailureModeVersioning" name="test_datetime_serialization_no_isoformat_error" time="0.461" /><testcase classname="backend.tests.test_failure_mode_versioning.TestFailureModeVersioning" name="test_failure_modes_list_returns_from_mongodb" time="0.494" /><testcase classname="backend.tests.test_failure_mode_versioning.TestFailureModeVersionHistoryEdgeCases" name="test_version_history_for_nonexistent_mode" time="0.460" /><testcase classname="backend.tests.test_failure_mode_versioning.TestFailureModeVersionHistoryEdgeCases" name="test_rollback_with_invalid_version_id" time="0.463" /><testcase classname="backend.tests.test_failure_mode_versioning.TestFailureModeVersionHistoryEdgeCases" name="test_version_history_requires_auth" time="0.492" /><testcase classname="backend.tests.test_failure_mode_versioning.TestFailureModeVersionHistoryEdgeCases" name="test_rollback_requires_auth" time="0.428" /></testsuite></testsuites>