<?xml version="1.0" encoding="utf-8"?><testsuites name="pytest tests"><testsuite name="pytest" errors="0" failures="1" skipped="0" tests="21" time="12.155" timestamp="2026-03-18T15:54:22.248980+00:00" hostname="agent-env-9a80e71f-0774-4498-b7a9-78516c796651"><testcase classname="backend.tests.test_equipment_hierarchy.TestEquipmentHierarchyLibrary" name="test_get_equipment_types" time="0.202"><failure message="assert 403 == 200&#10; +  where 403 = &lt;Response [403]&gt;.status_code">backend/tests/test_equipment_hierarchy.py:15: in test_get_equipment_types
    assert response.status_code == 200
E   assert 403 == 200
E    +  where 403 = &lt;Response [403]&gt;.status_code</failure></testcase><testcase classname="backend.tests.test_equipment_hierarchy.TestEquipmentHierarchyLibrary" name="test_get_disciplines" time="0.147" /><testcase classname="backend.tests.test_equipment_hierarchy.TestEquipmentHierarchyLibrary" name="test_get_criticality_profiles" time="0.257" /><testcase classname="backend.tests.test_equipment_hierarchy.TestEquipmentHierarchyLibrary" name="test_get_iso_levels" time="0.165" /><testcase classname="backend.tests.test_equipment_hierarchy.TestEquipmentNodeCRUD" name="test_get_nodes_empty" time="0.446" /><testcase classname="backend.tests.test_equipment_hierarchy.TestEquipmentNodeCRUD" name="test_create_installation_node" time="0.461" /><testcase classname="backend.tests.test_equipment_hierarchy.TestEquipmentNodeCRUD" name="test_create_unit_under_installation" time="0.592" /><testcase classname="backend.tests.test_equipment_hierarchy.TestEquipmentNodeCRUD" name="test_create_system_under_unit" time="0.703" /><testcase classname="backend.tests.test_equipment_hierarchy.TestEquipmentNodeCRUD" name="test_create_full_iso_hierarchy" time="0.931" /><testcase classname="backend.tests.test_equipment_hierarchy.TestISOValidation" name="test_root_must_be_installation" time="0.443" /><testcase classname="backend.tests.test_equipment_hierarchy.TestISOValidation" name="test_invalid_parent_child_unit_under_system" time="0.800" /><testcase classname="backend.tests.test_equipment_hierarchy.TestISOValidation" name="test_invalid_equipment_directly_under_installation" time="0.673" /><testcase classname="backend.tests.test_equipment_hierarchy.TestCriticalityAssignment" name="test_assign_criticality_basic" time="0.660" /><testcase classname="backend.tests.test_equipment_hierarchy.TestCriticalityAssignment" name="test_assign_criticality_with_custom_values" time="0.622" /><testcase classname="backend.tests.test_equipment_hierarchy.TestCriticalityAssignment" name="test_assign_all_criticality_levels" time="0.860" /><testcase classname="backend.tests.test_equipment_hierarchy.TestDisciplineAssignment" name="test_assign_discipline" time="0.707" /><testcase classname="backend.tests.test_equipment_hierarchy.TestDisciplineAssignment" name="test_assign_all_disciplines" time="0.854" /><testcase classname="backend.tests.test_equipment_hierarchy.TestDisciplineAssignment" name="test_invalid_discipline_rejected" time="0.566" /><testcase classname="backend.tests.test_equipment_hierarchy.TestNodeUpdateDelete" name="test_update_node_name" time="0.682" /><testcase classname="backend.tests.test_equipment_hierarchy.TestNodeUpdateDelete" name="test_delete_node_cascades_to_children" time="0.906" /><testcase classname="backend.tests.test_equipment_hierarchy.TestHierarchyStats" name="test_get_stats" time="0.411" /></testsuite></testsuites>