<?xml version="1.0" encoding="utf-8"?><testsuites name="pytest tests"><testsuite name="pytest" errors="0" failures="0" skipped="0" tests="17" time="97.920" timestamp="2026-03-21T14:04:45.433592+00:00" hostname="agent-env-02114758-fb6f-4b2f-aa48-c6208c9d0f25"><testcase classname="tests.test_ai_risk_engine.TestAuthAndThreatAccess" name="test_login_success" time="0.405" /><testcase classname="tests.test_ai_risk_engine.TestAuthAndThreatAccess" name="test_threat_exists" time="0.439" /><testcase classname="tests.test_ai_risk_engine.TestAIRiskAnalysis" name="test_analyze_risk_endpoint" time="10.820" /><testcase classname="tests.test_ai_risk_engine.TestAIRiskAnalysis" name="test_get_risk_insights_cached" time="0.055" /><testcase classname="tests.test_ai_risk_engine.TestAIRiskAnalysis" name="test_get_top_risks" time="0.072" /><testcase classname="tests.test_ai_risk_engine.TestCausalIntelligence" name="test_generate_causes_endpoint" time="34.082" /><testcase classname="tests.test_ai_risk_engine.TestCausalIntelligence" name="test_get_causal_analysis_cached" time="0.056" /><testcase classname="tests.test_ai_risk_engine.TestCausalIntelligence" name="test_explain_endpoint" time="0.050" /><testcase classname="tests.test_ai_risk_engine.TestFaultTree" name="test_generate_fault_tree" time="15.502" /><testcase classname="tests.test_ai_risk_engine.TestFaultTree" name="test_get_fault_tree_cached" time="0.224" /><testcase classname="tests.test_ai_risk_engine.TestBowTieModel" name="test_generate_bow_tie" time="17.115" /><testcase classname="tests.test_ai_risk_engine.TestBowTieModel" name="test_get_bow_tie_cached" time="0.162" /><testcase classname="tests.test_ai_risk_engine.TestActionOptimization" name="test_optimize_actions" time="18.579" /><testcase classname="tests.test_ai_risk_engine.TestActionOptimization" name="test_get_action_optimization_cached" time="0.072" /><testcase classname="tests.test_ai_risk_engine.TestErrorHandling" name="test_analyze_risk_invalid_threat" time="0.048" /><testcase classname="tests.test_ai_risk_engine.TestErrorHandling" name="test_get_insights_no_analysis" time="0.049" /><testcase classname="tests.test_ai_risk_engine.TestErrorHandling" name="test_unauthorized_access" time="0.132" /></testsuite></testsuites>