<?xml version="1.0" encoding="utf-8"?><testsuites name="pytest tests"><testsuite name="pytest" errors="0" failures="0" skipped="0" tests="15" time="11.158" timestamp="2026-04-17T07:24:37.318197+00:00" hostname="agent-env-30217bc9-5411-48a6-8643-f02dbfaf4c69"><testcase classname="backend.tests.test_file_storage_endpoint.TestFileStorageEndpoint" name="test_file_storage_requires_authentication" time="0.167" /><testcase classname="backend.tests.test_file_storage_endpoint.TestFileStorageEndpoint" name="test_file_storage_returns_valid_json" time="2.757" /><testcase classname="backend.tests.test_file_storage_endpoint.TestFileStorageEndpoint" name="test_file_storage_data_types" time="0.795" /><testcase classname="backend.tests.test_file_storage_endpoint.TestFileStorageEndpoint" name="test_file_storage_values_are_non_negative" time="0.665" /><testcase classname="backend.tests.test_file_storage_endpoint.TestFileStorageEndpoint" name="test_file_storage_size_consistency" time="0.716" /><testcase classname="backend.tests.test_file_storage_endpoint.TestFileStorageEndpoint" name="test_file_storage_by_storage_type_structure" time="0.704" /><testcase classname="backend.tests.test_file_storage_endpoint.TestFileStorageEndpoint" name="test_file_storage_by_category_structure" time="0.679" /><testcase classname="backend.tests.test_file_storage_endpoint.TestFileStorageEndpoint" name="test_file_storage_total_files_matches_categories" time="0.709" /><testcase classname="backend.tests.test_file_storage_endpoint.TestFileStorageEndpoint" name="test_file_storage_total_files_matches_storage_types" time="0.668" /><testcase classname="backend.tests.test_file_storage_endpoint.TestFileStorageEndpoint" name="test_file_storage_r2_configured_status" time="0.677" /><testcase classname="backend.tests.test_file_storage_endpoint.TestFileStorageEndpoint" name="test_file_storage_has_timestamp" time="0.670" /><testcase classname="backend.tests.test_file_storage_endpoint.TestFileStorageAuthorization" name="test_invalid_token_returns_401" time="0.109" /><testcase classname="backend.tests.test_file_storage_endpoint.TestExistingEndpointsStillWork" name="test_system_metrics_still_works" time="1.351" /><testcase classname="backend.tests.test_file_storage_endpoint.TestExistingEndpointsStillWork" name="test_system_database_still_works" time="0.339" /><testcase classname="backend.tests.test_file_storage_endpoint.TestExistingEndpointsStillWork" name="test_system_health_still_works" time="0.109" /></testsuite></testsuites>