<?xml version="1.0" encoding="utf-8"?><testsuites name="pytest tests"><testsuite name="pytest" errors="0" failures="0" skipped="0" tests="9" time="1.420" timestamp="2026-03-27T17:19:42.008317+00:00" hostname="agent-env-748b5184-4975-4309-aaff-7b235d69529e"><testcase classname="backend.tests.test_failure_modes_enhancements.TestFailureModesNewFields" name="test_create_failure_mode_with_new_fields" time="0.579" /><testcase classname="backend.tests.test_failure_modes_enhancements.TestFailureModesNewFields" name="test_get_failure_mode_with_new_fields" time="0.049" /><testcase classname="backend.tests.test_failure_modes_enhancements.TestFailureModesNewFields" name="test_update_failure_mode_new_fields" time="0.051" /><testcase classname="backend.tests.test_failure_modes_enhancements.TestDuplicateNameCheck" name="test_create_duplicate_name_rejected" time="0.166" /><testcase classname="backend.tests.test_failure_modes_enhancements.TestCRUDOperations" name="test_list_failure_modes" time="0.097" /><testcase classname="backend.tests.test_failure_modes_enhancements.TestCRUDOperations" name="test_get_categories" time="0.052" /><testcase classname="backend.tests.test_failure_modes_enhancements.TestCRUDOperations" name="test_create_read_update_delete" time="0.254" /><testcase classname="backend.tests.test_failure_modes_enhancements.TestEquipmentDropdown" name="test_get_equipment_types_for_dropdown" time="0.051" /><testcase classname="backend.tests.test_failure_modes_enhancements.TestCleanup" name="test_cleanup_test_data" time="0.101" /></testsuite></testsuites>