<?xml version="1.0" encoding="utf-8"?><testsuites name="pytest tests"><testsuite name="pytest" errors="0" failures="0" skipped="6" tests="16" time="55.222" timestamp="2026-04-14T11:41:55.189090+00:00" hostname="agent-env-f8b23650-169f-4a55-827d-339686c2385d"><testcase classname="tests.test_chat_system_v2.TestChatSystemV2" name="test_clear_chat_history" time="11.610" /><testcase classname="tests.test_chat_system_v2.TestChatSystemV2" name="test_get_chat_history" time="5.541" /><testcase classname="tests.test_chat_system_v2.TestChatSystemV2" name="test_cancel_mid_flow" time="3.495" /><testcase classname="tests.test_chat_system_v2.TestChatSystemV2" name="test_full_chat_flow_with_context" time="6.269" /><testcase classname="tests.test_chat_system_v2.TestChatSystemV2" name="test_skip_context_flow" time="2.697" /><testcase classname="tests.test_chat_system_v2.TestChatSystemV2" name="test_race_condition_equipment_tag_format" time="3.129" /><testcase classname="tests.test_chat_system_v2.TestChatSystemV2" name="test_data_query_response" time="0.172"><skipped type="pytest.skip" message="Authentication failed - skipping chat tests">/app/backend/tests/test_chat_system_v2.py:330: Authentication failed - skipping chat tests</skipped></testcase><testcase classname="tests.test_chat_system_v2.TestChatSystemV2" name="test_context_not_treated_as_equipment_search" time="6.364" /><testcase classname="tests.test_chat_system_v2.TestChatSystemV2" name="test_state_persistence_in_chat_conversations" time="0.136"><skipped type="pytest.skip" message="Authentication failed - skipping chat tests">/app/backend/tests/test_chat_system_v2.py:431: Authentication failed - skipping chat tests</skipped></testcase><testcase classname="tests.test_chat_system_v2.TestChatSystemV2" name="test_auth_required" time="0.105"><skipped type="pytest.skip" message="Authentication failed - skipping chat tests">/app/backend/tests/test_chat_system_v2.py:464: Authentication failed - skipping chat tests</skipped></testcase><testcase classname="tests.test_chat_system_v2.TestChatEdgeCases" name="test_empty_message" time="3.985" /><testcase classname="tests.test_chat_system_v2.TestChatEdgeCases" name="test_very_long_message" time="7.291" /><testcase classname="tests.test_chat_system_v2.TestChatEdgeCases" name="test_special_characters_in_message" time="0.119"><skipped type="pytest.skip" message="Authentication failed">/app/backend/tests/test_chat_system_v2.py:540: Authentication failed</skipped></testcase><testcase classname="tests.test_chat_system_v2.TestChatEdgeCases" name="test_unicode_message" time="4.030" /><testcase classname="tests.test_chat_system_v2.TestChatEdgeCases" name="test_cancel_when_no_flow" time="0.116"><skipped type="pytest.skip" message="Authentication failed">/app/backend/tests/test_chat_system_v2.py:562: Authentication failed</skipped></testcase><testcase classname="tests.test_chat_system_v2.TestChatEdgeCases" name="test_history_limit_parameter" time="0.104"><skipped type="pytest.skip" message="Authentication failed">/app/backend/tests/test_chat_system_v2.py:573: Authentication failed</skipped></testcase></testsuite></testsuites>