<?xml version="1.0" encoding="utf-8"?><testsuites name="pytest tests"><testsuite name="pytest" errors="0" failures="1" skipped="3" tests="85" time="50.516" timestamp="2026-03-19T09:50:31.802413+00:00" hostname="agent-env-c8c58420-a40e-401c-9b16-57ed5b35a5fa"><testcase classname="backend.tests.test_auth.TestAuthRegistration" name="test_register_new_user" time="0.346" /><testcase classname="backend.tests.test_auth.TestAuthRegistration" name="test_register_duplicate_email" time="0.100" /><testcase classname="backend.tests.test_auth.TestAuthRegistration" name="test_register_requires_all_fields" time="0.101" /><testcase classname="backend.tests.test_auth.TestAuthLogin" name="test_login_valid_credentials" time="0.316" /><testcase classname="backend.tests.test_auth.TestAuthLogin" name="test_login_invalid_password" time="0.356" /><testcase classname="backend.tests.test_auth.TestAuthLogin" name="test_login_invalid_email" time="0.106" /><testcase classname="backend.tests.test_auth.TestAuthLogin" name="test_get_current_user" time="0.384" /><testcase classname="backend.tests.test_auth.TestAuthLogin" name="test_protected_route_without_token" time="0.100" /><testcase classname="backend.tests.test_equipment_hierarchy.TestEquipmentHierarchyLibrary" name="test_get_equipment_types" time="0.417" /><testcase classname="backend.tests.test_equipment_hierarchy.TestEquipmentHierarchyLibrary" name="test_get_disciplines" time="0.097" /><testcase classname="backend.tests.test_equipment_hierarchy.TestEquipmentHierarchyLibrary" name="test_get_criticality_profiles" time="0.097" /><testcase classname="backend.tests.test_equipment_hierarchy.TestEquipmentHierarchyLibrary" name="test_get_iso_levels" time="0.111" /><testcase classname="backend.tests.test_equipment_hierarchy.TestEquipmentNodeCRUD" name="test_get_nodes_empty" time="0.395" /><testcase classname="backend.tests.test_equipment_hierarchy.TestEquipmentNodeCRUD" name="test_create_installation_node" time="0.400" /><testcase classname="backend.tests.test_equipment_hierarchy.TestEquipmentNodeCRUD" name="test_create_unit_under_installation" time="0.478" /><testcase classname="backend.tests.test_equipment_hierarchy.TestEquipmentNodeCRUD" name="test_create_system_under_unit" time="0.553" /><testcase classname="backend.tests.test_equipment_hierarchy.TestEquipmentNodeCRUD" name="test_create_full_iso_hierarchy" time="0.778" /><testcase classname="backend.tests.test_equipment_hierarchy.TestISOValidation" name="test_root_must_be_installation" time="0.443" /><testcase classname="backend.tests.test_equipment_hierarchy.TestISOValidation" name="test_invalid_parent_child_unit_under_system" time="0.618" /><testcase classname="backend.tests.test_equipment_hierarchy.TestISOValidation" name="test_invalid_equipment_directly_under_installation" time="0.483" /><testcase classname="backend.tests.test_equipment_hierarchy.TestCriticalityAssignment" name="test_assign_criticality_basic" time="0.497" /><testcase classname="backend.tests.test_equipment_hierarchy.TestCriticalityAssignment" name="test_assign_criticality_with_custom_values" time="0.551" /><testcase classname="backend.tests.test_equipment_hierarchy.TestCriticalityAssignment" name="test_assign_all_criticality_levels" time="0.616" /><testcase classname="backend.tests.test_equipment_hierarchy.TestDisciplineAssignment" name="test_assign_discipline" time="0.541" /><testcase classname="backend.tests.test_equipment_hierarchy.TestDisciplineAssignment" name="test_assign_all_disciplines" time="0.636" /><testcase classname="backend.tests.test_equipment_hierarchy.TestDisciplineAssignment" name="test_invalid_discipline_rejected" time="0.464" /><testcase classname="backend.tests.test_equipment_hierarchy.TestNodeUpdateDelete" name="test_update_node_name" time="0.524" /><testcase classname="backend.tests.test_equipment_hierarchy.TestNodeUpdateDelete" name="test_delete_node_cascades_to_children" time="0.754" /><testcase classname="backend.tests.test_equipment_hierarchy.TestHierarchyStats" name="test_get_stats" time="0.416" /><testcase classname="backend.tests.test_equipment_hierarchy.TestMoveNode" name="test_move_unit_to_different_installation" time="0.775" /><testcase classname="backend.tests.test_equipment_hierarchy.TestMoveNode" name="test_move_system_to_different_unit" time="1.021" /><testcase classname="backend.tests.test_equipment_hierarchy.TestMoveNode" name="test_move_invalid_unit_to_system_rejected" time="1.016" /><testcase classname="backend.tests.test_equipment_hierarchy.TestMoveNode" name="test_move_equipment_between_systems" time="1.498" /><testcase classname="backend.tests.test_equipment_hierarchy.TestMoveNode" name="test_move_to_nonexistent_parent_rejected" time="0.785" /><testcase classname="backend.tests.test_equipment_hierarchy.TestMoveNode" name="test_move_nonexistent_node_rejected" time="0.477" /><testcase classname="backend.tests.test_equipment_hierarchy.TestMoveNode" name="test_move_preserves_children" time="0.797" /><testcase classname="backend.tests.test_equipment_hierarchy.TestEquipmentTypeLibraryManagement" name="test_create_custom_equipment_type" time="0.487" /><testcase classname="backend.tests.test_equipment_hierarchy.TestEquipmentTypeLibraryManagement" name="test_update_custom_equipment_type" time="0.452" /><testcase classname="backend.tests.test_equipment_hierarchy.TestEquipmentTypeLibraryManagement" name="test_delete_custom_equipment_type" time="0.500" /><testcase classname="backend.tests.test_equipment_hierarchy.TestUnstructuredItems" name="test_parse_equipment_list" time="0.520" /><testcase classname="backend.tests.test_equipment_hierarchy.TestUnstructuredItems" name="test_get_unstructured_items" time="0.396" /><testcase classname="backend.tests.test_equipment_hierarchy.TestUnstructuredItems" name="test_assign_unstructured_to_hierarchy" time="0.736" /><testcase classname="backend.tests.test_failure_modes.TestFailureModesCategories" name="test_get_categories_returns_list" time="0.118" /><testcase classname="backend.tests.test_failure_modes.TestFailureModesCategories" name="test_get_categories_contains_expected_types" time="0.096" /><testcase classname="backend.tests.test_failure_modes.TestFailureModesLibrary" name="test_get_all_failure_modes" time="0.103"><failure message="assert 138 == 100">backend/tests/test_failure_modes.py:43: in test_get_all_failure_modes
    assert data["total"] == 100
E   assert 138 == 100</failure></testcase><testcase classname="backend.tests.test_failure_modes.TestFailureModesLibrary" name="test_failure_mode_fields" time="0.186" /><testcase classname="backend.tests.test_failure_modes.TestFailureModesLibrary" name="test_rpn_calculation_correct" time="0.100" /><testcase classname="backend.tests.test_failure_modes.TestFailureModesLibrary" name="test_filter_by_category_rotating" time="0.136" /><testcase classname="backend.tests.test_failure_modes.TestFailureModesLibrary" name="test_filter_by_category_safety" time="0.131" /><testcase classname="backend.tests.test_failure_modes.TestFailureModesLibrary" name="test_search_by_keyword" time="0.123" /><testcase classname="backend.tests.test_failure_modes.TestFailureModesLibrary" name="test_search_by_equipment_name" time="0.175" /><testcase classname="backend.tests.test_failure_modes.TestFailureModesLibrary" name="test_default_sorted_by_rpn_desc" time="0.181" /><testcase classname="backend.tests.test_failure_modes.TestFailureModeById" name="test_get_failure_mode_by_id" time="0.107" /><testcase classname="backend.tests.test_failure_modes.TestFailureModeById" name="test_get_failure_mode_invalid_id" time="0.172" /><testcase classname="backend.tests.test_failure_modes.TestHighRiskFailureModes" name="test_get_high_risk_modes" time="0.170" /><testcase classname="backend.tests.test_failure_modes.TestHighRiskFailureModes" name="test_high_risk_modes_above_threshold" time="0.093" /><testcase classname="backend.tests.test_failure_modes.TestEquipmentTypes" name="test_get_equipment_types" time="0.153" /><testcase classname="backend.tests.test_investigations.TestInvestigationsCRUD" name="test_create_investigation" time="0.607" /><testcase classname="backend.tests.test_investigations.TestInvestigationsCRUD" name="test_get_investigations_list" time="0.692" /><testcase classname="backend.tests.test_investigations.TestInvestigationsCRUD" name="test_get_investigation_by_id" time="0.492" /><testcase classname="backend.tests.test_investigations.TestInvestigationsCRUD" name="test_update_investigation_status" time="0.516" /><testcase classname="backend.tests.test_investigations.TestInvestigationsCRUD" name="test_delete_investigation" time="0.496" /><testcase classname="backend.tests.test_investigations.TestTimelineEvents" name="test_add_timeline_event" time="0.473" /><testcase classname="backend.tests.test_investigations.TestTimelineEvents" name="test_multiple_timeline_events" time="0.640" /><testcase classname="backend.tests.test_investigations.TestTimelineEvents" name="test_delete_timeline_event" time="0.616" /><testcase classname="backend.tests.test_investigations.TestFailureIdentifications" name="test_add_failure_identification" time="0.481" /><testcase classname="backend.tests.test_investigations.TestFailureIdentifications" name="test_delete_failure_identification" time="0.629" /><testcase classname="backend.tests.test_investigations.TestCauseNodes" name="test_add_root_cause" time="0.626" /><testcase classname="backend.tests.test_investigations.TestCauseNodes" name="test_add_child_cause" time="0.617" /><testcase classname="backend.tests.test_investigations.TestCauseNodes" name="test_toggle_root_cause" time="0.551" /><testcase classname="backend.tests.test_investigations.TestCauseNodes" name="test_delete_cause_with_children" time="0.632" /><testcase classname="backend.tests.test_investigations.TestActionItems" name="test_add_action_item" time="0.501" /><testcase classname="backend.tests.test_investigations.TestActionItems" name="test_update_action_status" time="0.642" /><testcase classname="backend.tests.test_investigations.TestCreateFromThreat" name="test_create_investigation_from_threat" time="0.483" /><testcase classname="backend.tests.test_threats.TestThreatsAPI" name="test_get_all_threats" time="0.398" /><testcase classname="backend.tests.test_threats.TestThreatsAPI" name="test_get_threats_with_status_filter" time="0.377" /><testcase classname="backend.tests.test_threats.TestThreatsAPI" name="test_get_top_threats" time="0.364" /><testcase classname="backend.tests.test_threats.TestThreatsAPI" name="test_get_threat_by_id" time="5.454"><skipped type="pytest.skip" message="No threat was created">/app/backend/tests/test_threats.py:78: No threat was created</skipped></testcase><testcase classname="backend.tests.test_threats.TestThreatsAPI" name="test_get_nonexistent_threat" time="0.427" /><testcase classname="backend.tests.test_threats.TestThreatsAPI" name="test_update_threat_status" time="4.414"><skipped type="pytest.skip" message="No threat was created">/app/backend/tests/test_threats.py:100: No threat was created</skipped></testcase><testcase classname="backend.tests.test_threats.TestThreatsAPI" name="test_delete_threat" time="4.956"><skipped type="pytest.skip" message="AI did not create a threat (needs follow-up)">/app/backend/tests/test_threats.py:126: AI did not create a threat (needs follow-up)</skipped></testcase><testcase classname="backend.tests.test_threats.TestThreatsAPI" name="test_threats_unauthorized" time="0.140" /><testcase classname="backend.tests.test_threats.TestStatsAPI" name="test_get_stats" time="0.433" /><testcase classname="backend.tests.test_threats.TestChatAPI" name="test_get_chat_history" time="0.382" /><testcase classname="backend.tests.test_threats.TestChatAPI" name="test_chat_unauthorized" time="0.098" /></testsuite></testsuites>