<?xml version="1.0" encoding="utf-8"?><testsuites name="pytest tests"><testsuite name="pytest" errors="0" failures="0" skipped="0" tests="19" time="18.551" timestamp="2026-04-13T08:01:54.889131+00:00" hostname="agent-env-ec085456-fefd-4120-a9bd-059857a7cffb"><testcase classname="backend.tests.test_production_dashboard.TestProductionDashboardAPI" name="test_dashboard_returns_200" time="2.401" /><testcase classname="backend.tests.test_production_dashboard.TestProductionDashboardAPI" name="test_dashboard_returns_kpis" time="1.312" /><testcase classname="backend.tests.test_production_dashboard.TestProductionDashboardAPI" name="test_dashboard_returns_production_log" time="1.386" /><testcase classname="backend.tests.test_production_dashboard.TestProductionDashboardAPI" name="test_dashboard_returns_actions_and_insights" time="1.252" /><testcase classname="backend.tests.test_production_dashboard.TestProductionDashboardAPI" name="test_dashboard_returns_chart_data" time="1.230" /><testcase classname="backend.tests.test_production_dashboard.TestProductionDashboardAPI" name="test_dashboard_shift_parameter" time="2.558" /><testcase classname="backend.tests.test_production_dashboard.TestProductionDashboardAPI" name="test_dashboard_date_parameter" time="1.268" /><testcase classname="backend.tests.test_production_dashboard.TestProductionDashboardAPI" name="test_dashboard_requires_auth" time="0.131" /><testcase classname="backend.tests.test_production_dashboard.TestProductionEventsAPI" name="test_events_returns_200" time="0.372" /><testcase classname="backend.tests.test_production_dashboard.TestProductionEventsAPI" name="test_events_returns_list" time="0.382" /><testcase classname="backend.tests.test_production_dashboard.TestProductionEventsAPI" name="test_events_filter_by_type" time="0.727" /><testcase classname="backend.tests.test_production_dashboard.TestProductionEventsAPI" name="test_events_requires_auth" time="0.142" /><testcase classname="backend.tests.test_production_dashboard.TestCreateProductionEvent" name="test_create_event_returns_201_or_200" time="0.375" /><testcase classname="backend.tests.test_production_dashboard.TestCreateProductionEvent" name="test_create_event_with_insight_type" time="0.364" /><testcase classname="backend.tests.test_production_dashboard.TestCreateProductionEvent" name="test_create_event_requires_auth" time="0.108" /><testcase classname="backend.tests.test_production_dashboard.TestDeleteProductionEvent" name="test_delete_event" time="0.720" /><testcase classname="backend.tests.test_production_dashboard.TestDeleteProductionEvent" name="test_delete_nonexistent_event" time="0.354" /><testcase classname="backend.tests.test_production_dashboard.TestDeleteProductionEvent" name="test_delete_requires_auth" time="0.097" /><testcase classname="backend.tests.test_production_dashboard.TestProductionDashboardIntegration" name="test_create_event_appears_in_dashboard" time="3.309" /></testsuite></testsuites>