<?xml version="1.0" encoding="utf-8"?><testsuites name="pytest tests"><testsuite name="pytest" errors="0" failures="0" skipped="0" tests="9" time="4.519" timestamp="2026-03-31T07:57:51.158140+00:00" hostname="agent-env-1b1703d5-f1b3-404c-999f-c9edb8b7843c"><testcase classname="backend.tests.test_bug_fixes_iteration12.TestPasswordResetAPI" name="test_admin_reset_password_endpoint_exists" time="0.938" /><testcase classname="backend.tests.test_bug_fixes_iteration12.TestPasswordResetAPI" name="test_admin_reset_password_requires_auth" time="0.096" /><testcase classname="backend.tests.test_bug_fixes_iteration12.TestPasswordResetAPI" name="test_admin_reset_password_invalid_user" time="0.427" /><testcase classname="backend.tests.test_bug_fixes_iteration12.TestFailureModeAPI" name="test_failure_modes_list" time="0.474" /><testcase classname="backend.tests.test_bug_fixes_iteration12.TestFailureModeAPI" name="test_failure_mode_validation_endpoint" time="0.539" /><testcase classname="backend.tests.test_bug_fixes_iteration12.TestFormTemplateAPI" name="test_form_templates_list" time="0.427" /><testcase classname="backend.tests.test_bug_fixes_iteration12.TestFormTemplateAPI" name="test_form_template_discipline_in_existing" time="0.436" /><testcase classname="backend.tests.test_bug_fixes_iteration12.TestUserManagementAPI" name="test_users_list" time="0.433" /><testcase classname="backend.tests.test_bug_fixes_iteration12.TestUserManagementAPI" name="test_user_avatar_endpoint" time="0.721" /></testsuite></testsuites>