<?xml version="1.0" encoding="utf-8"?><testsuites name="pytest tests"><testsuite name="pytest" errors="0" failures="0" skipped="0" tests="21" time="9.870" timestamp="2026-03-31T21:41:07.576875+00:00" hostname="agent-env-08f8eb11-8908-4d35-b849-27c52023abc0"><testcase classname="tests.test_new_features_iteration15.TestRoleCreation" name="test_get_permissions_requires_owner" time="0.323" /><testcase classname="tests.test_new_features_iteration15.TestRoleCreation" name="test_get_all_permissions" time="0.347" /><testcase classname="tests.test_new_features_iteration15.TestRoleCreation" name="test_create_custom_role" time="0.125" /><testcase classname="tests.test_new_features_iteration15.TestRoleCreation" name="test_verify_role_appears_in_list" time="0.054" /><testcase classname="tests.test_new_features_iteration15.TestRoleCreation" name="test_list_roles_endpoint" time="0.056" /><testcase classname="tests.test_new_features_iteration15.TestRoleCreation" name="test_cannot_create_duplicate_role" time="0.058" /><testcase classname="tests.test_new_features_iteration15.TestRoleCreation" name="test_cannot_create_system_role_name" time="0.059" /><testcase classname="tests.test_new_features_iteration15.TestRoleCreation" name="test_update_custom_role_permissions" time="0.057" /><testcase classname="tests.test_new_features_iteration15.TestRoleCreation" name="test_delete_custom_role" time="0.059" /><testcase classname="tests.test_new_features_iteration15.TestRoleCreation" name="test_verify_role_removed" time="0.057" /><testcase classname="tests.test_new_features_iteration15.TestRoleCreation" name="test_cannot_delete_system_role" time="0.053" /><testcase classname="tests.test_new_features_iteration15.TestVoiceTranscription" name="test_transcribe_endpoint_exists" time="0.058" /><testcase classname="tests.test_new_features_iteration15.TestVoiceTranscription" name="test_transcribe_invalid_format" time="0.150" /><testcase classname="tests.test_new_features_iteration15.TestVoiceTranscription" name="test_transcribe_file_too_large" time="1.351" /><testcase classname="tests.test_new_features_iteration15.TestVoiceTranscription" name="test_transcribe_valid_audio_format_accepted" time="6.652" /><testcase classname="tests.test_new_features_iteration15.TestFeedbackAPI" name="test_submit_feedback" time="0.065" /><testcase classname="tests.test_new_features_iteration15.TestFeedbackAPI" name="test_get_my_feedback" time="0.059" /><testcase classname="tests.test_new_features_iteration15.TestFeedbackAPI" name="test_cleanup_test_feedback" time="0.057" /><testcase classname="tests.test_new_features_iteration15.TestPermissionsEndpoints" name="test_get_my_permissions" time="0.057" /><testcase classname="tests.test_new_features_iteration15.TestPermissionsEndpoints" name="test_check_permission" time="0.057" /><testcase classname="tests.test_new_features_iteration15.TestPermissionsEndpoints" name="test_reset_permissions" time="0.061" /></testsuite></testsuites>