<?xml version="1.0" encoding="utf-8"?><testsuites name="pytest tests"><testsuite name="pytest" errors="0" failures="0" skipped="0" tests="9" time="18.625" timestamp="2026-04-02T09:20:50.483096+00:00" hostname="agent-env-ca73f98f-9f5a-4c56-a33b-08a4e0149402"><testcase classname="tests.test_form_designer_fixes.TestFormTemplateUpdate" name="test_get_templates_list" time="0.453" /><testcase classname="tests.test_form_designer_fixes.TestFormTemplateUpdate" name="test_update_template_name" time="0.308" /><testcase classname="tests.test_form_designer_fixes.TestFormTemplateUpdate" name="test_update_template_description" time="0.437" /><testcase classname="tests.test_form_designer_fixes.TestFormTemplateUpdate" name="test_update_template_multiple_fields" time="0.303" /><testcase classname="tests.test_form_designer_fixes.TestFormTemplateUpdate" name="test_update_nonexistent_template" time="0.135" /><testcase classname="tests.test_form_designer_fixes.TestFormTemplateDocuments" name="test_get_template_documents" time="0.202" /><testcase classname="tests.test_form_designer_fixes.TestFormTemplateDocuments" name="test_template_has_documents_field" time="0.195" /><testcase classname="tests.test_form_designer_fixes.TestAIAPITimeout" name="test_ai_risk_analysis_endpoint_exists" time="5.160" /><testcase classname="tests.test_form_designer_fixes.TestFormSubmissions" name="test_get_submissions" time="11.415" /></testsuite></testsuites>