<?xml version="1.0" encoding="utf-8"?><testsuites name="pytest tests"><testsuite name="pytest" errors="0" failures="0" skipped="1" tests="10" time="32.036" timestamp="2026-05-31T18:37:27.430624+00:00" hostname="agent-env-b2346fd7-eac6-4c05-8721-0221b721491b"><testcase classname="backend.tests.test_translations_localization" name="test_failure_mode_cavitation_nl" time="1.896" /><testcase classname="backend.tests.test_translations_localization" name="test_coverage" time="1.671" /><testcase classname="backend.tests.test_translations_localization" name="test_generate_all_observation" time="1.845" /><testcase classname="backend.tests.test_translations_localization" name="test_generate_all_form_template" time="5.234" /><testcase classname="backend.tests.test_translations_localization" name="test_generate_all_investigation" time="3.570" /><testcase classname="backend.tests.test_translations_localization" name="test_create_observation_auto_translate" time="5.034" /><testcase classname="backend.tests.test_translations_localization" name="test_patch_threat_auto_translate" time="2.173" /><testcase classname="backend.tests.test_translations_localization" name="test_create_form_template_auto_translate" time="4.912" /><testcase classname="backend.tests.test_translations_localization" name="test_generate_sync_small" time="0.341"><skipped type="pytest.skip" message="no investigations">/app/backend/tests/test_translations_localization.py:242: no investigations</skipped></testcase><testcase classname="backend.tests.test_translations_localization" name="test_failure_mode_uses_name_as_entity_id" time="5.332" /></testsuite></testsuites>